0000000000000000 0000000000000401 b __fixedpath
0000000000000000 A __start__
0000000000000000 T _start
0000000000000000 b _TLS_MODULE_BASE_
0000000000000080 t startup
00000000000000b0 t bss_loop
0000000000000104 T __nx_exit
0000000000000118 T _init
0000000000000180 0000000000000054 t sulp
00000000000001e0 0000000000000140 T main
0000000000000320 t deregister_tm_clones
0000000000000350 t register_tm_clones
0000000000000390 t __do_global_dtors_aux
00000000000003d8 t frame_dummy
0000000000000408 0000000000002000 b tmp_buffer.6027
0000000000000410 0000000000000348 T intTextbox
0000000000000760 0000000000000200 T setItem
0000000000000960 00000000000000dc T setFile
0000000000000a40 00000000000001f4 T confirmButton
0000000000000c40 00000000000002b4 T consoleDrawChar
0000000000000f00 0000000000000164 T consolePrintChar
0000000000001070 000000000000018c t consoleClearLine
0000000000001200 00000000000001c4 t newRow
00000000000013d0 00000000000001bc t consoleCls
0000000000001590 00000000000000f4 T consoleInit
0000000000001690 0000000000000864 t con_write
0000000000001f00 000000000000000c T consoleClear
0000000000001f10 0000000000000034 t ipcCloseObjectById
0000000000001f50 0000000000000120 t _appletGetHandle
0000000000002070 00000000000000e0 t _appletGetOperationMode.constprop.12
0000000000002150 00000000000000e0 t _appletGetPerformanceMode.constprop.13
0000000000002230 00000000000000e8 t _appletReceiveMessage
0000000000002320 00000000000000e0 t _appletGetCurrentFocusState.constprop.14
0000000000002400 00000000000000cc t _appletAcquireForegroundRights
0000000000002408 0000000000002000 b tmp_buffer.6051
00000000000024d0 00000000000000d4 t _appletSetOperationModeChangedNotification.constprop.15
00000000000025b0 00000000000000cc t _appletSetOutOfFocusSuspendingEnabled
0000000000002680 00000000000000d4 t _appletSetPerformanceModeChangedNotification.constprop.16
0000000000002760 00000000000000d4 t _appletSetFocusHandlingMode
0000000000002840 00000000000000e0 t _appletGetAppletResourceUserId.constprop.10
0000000000002920 0000000000000148 t _appletGetSessionProxy.constprop.9
0000000000002a70 00000000000003cc T appletExit
0000000000002e40 0000000000000028 T appletHook
0000000000002e70 0000000000000034 T appletUnhook
0000000000002eb0 0000000000000028 T appletGetAppletResourceUserId
0000000000002ee0 000000000000011c T appletNotifyRunning
0000000000003000 0000000000000578 T appletInitialize
0000000000003580 00000000000000e8 T appletCreateManagedDisplayLayer
0000000000003670 000000000000000c T appletGetOperationMode
0000000000003680 000000000000015c T appletMainLoop
00000000000037e0 0000000000000128 t _hidGetSharedMemoryHandle.constprop.6
0000000000003910 0000000000000138 t _hidCreateAppletResource.constprop.5
0000000000003a50 0000000000000034 t ipcCloseObjectById
0000000000003a90 00000000000000bc T hidExit
0000000000003b50 00000000000001a4 T hidReset
0000000000003d00 00000000000000b0 T hidInitialize
0000000000003db0 000000000000000c T hidGetSharedmemAddr
0000000000003dc0 000000000000006c T hidKeysDown
0000000000003e30 000000000000000c T hidTouchCount
0000000000003e40 0000000000000470 T hidScanInput
00000000000042b0 0000000000000044 T smAddOverrideHandle
0000000000004300 0000000000000064 T smGetServiceOverride
0000000000004370 0000000000000014 T smHasInitialized
0000000000004390 0000000000000028 T smExit
00000000000043c0 0000000000000034 T smEncodeName
0000000000004400 0000000000000128 T smGetServiceOriginal
0000000000004530 0000000000000148 T smInitialize
0000000000004680 0000000000000074 T smGetService
0000000000004700 00000000000000bc T fatalSimple
00000000000047c0 0000000000000034 t ipcCloseObjectById
0000000000004800 0000000000000128 t _apmGetSession.constprop.3
0000000000004930 00000000000000ac T apmExit
00000000000049e0 0000000000000074 T apmInitialize
0000000000004a60 00000000000000cc T apmSetPerformanceConfiguration
0000000000004b30 00000000000000c4 t _gfxDequeueBuffer.part.0
0000000000004c00 0000000000000038 t _gfxQueueBuffer.part.1
0000000000004c40 00000000000000e8 T gfxConfigureCrop
0000000000004d30 0000000000000014 T gfxConfigureResolution
0000000000004d50 0000000000000068 t _gfxAutoResolutionAppletHook
0000000000004dc0 000000000000011c T gfxConfigureAutoResolution
0000000000004ee0 0000000000000194 T gfxExit
0000000000005080 0000000000000054 T _gfxGraphicBufferInit
00000000000050e0 0000000000000080 T gfxWaitForVsync
0000000000005160 00000000000005f0 T gfxInitDefault
0000000000005750 0000000000000060 T gfxSwapBuffers
00000000000057b0 000000000000006c T gfxGetFramebuffer
0000000000005820 000000000000000c T gfxSetMode
0000000000005830 0000000000000124 T gfxFlushBuffers
0000000000005960 000000000000003c t nvmapobjClose
00000000000059a0 0000000000000070 t nvmapobjInitialize.part.0
0000000000005a10 0000000000000074 t nvmapobjSetup.constprop.2
0000000000005a90 0000000000000bd4 T nvgfxInitialize
0000000000006670 000000000000012c T nvgfxExit
00000000000067a0 0000000000000068 T nvgfxEventWait
0000000000006810 0000000000000040 T nvgfxGetFramebuffer
0000000000006850 0000000000000040 T nvioctlNvhostCtrl_EventWait
0000000000006890 000000000000003c T nvioctlNvhostCtrlGpu_ZCullGetCtxSize
00000000000068d0 0000000000000054 T nvioctlNvhostCtrlGpu_ZCullGetInfo
0000000000006930 0000000000000088 T nvioctlNvhostCtrlGpu_GetCharacteristics
00000000000069c0 000000000000005c T nvioctlNvhostCtrlGpu_GetTpcMasks
0000000000006a20 000000000000003c T nvioctlNvhostCtrlGpu_GetL2State
0000000000006a60 0000000000000024 T nvioctlNvhostAsGpu_BindChannel
0000000000006a90 0000000000000044 T nvioctlNvhostAsGpu_AllocSpace
0000000000006ae0 0000000000000050 T nvioctlNvhostAsGpu_MapBufferEx
0000000000006b30 0000000000000064 T nvioctlNvhostAsGpu_GetVARegions
0000000000006ba0 000000000000003c T nvioctlNvhostAsGpu_InitializeEx
0000000000006be0 0000000000000024 T nvioctlChannel_SetNvmapFd
0000000000006c10 0000000000000030 T nvioctlChannel_AllocObjCtx
0000000000006c40 0000000000000028 T nvioctlChannel_ZCullBind
0000000000006c70 0000000000000028 T nvioctlChannel_SetErrorNotifier
0000000000006ca0 0000000000000024 T nvioctlChannel_SetPriority
0000000000006cd0 0000000000000054 T nvioctlChannel_AllocGpfifoEx2
0000000000006d30 0000000000000024 T nvioctlChannel_SetUserData
0000000000006d60 000000000000003c T nvioctlNvmap_Create
0000000000006da0 000000000000003c T nvioctlNvmap_FromId
0000000000006de0 0000000000000030 T nvioctlNvmap_Alloc
0000000000006e10 000000000000003c T nvioctlNvmap_GetId
0000000000006e4c T armDCacheFlush
0000000000006e70 t armDCacheFlush_L0
0000000000006e88 T svcSetHeapSize
0000000000006e9c T svcUnmapMemory
0000000000006ea4 T svcQueryMemory
0000000000006eb8 T svcExitProcess
0000000000006ec0 T svcSleepThread
0000000000006ec8 T svcMapSharedMemory
0000000000006ed0 T svcUnmapSharedMemory
0000000000006ed8 T svcCreateTransferMemory
0000000000006eec T svcCloseHandle
0000000000006ef4 T svcResetSignal
0000000000006efc T svcWaitSynchronization
0000000000006f10 T svcArbitrateLock
0000000000006f18 T svcArbitrateUnlock
0000000000006f20 T svcConnectToNamedPort
0000000000006f34 T svcGetSystemTick
0000000000006f3c T svcSendSyncRequest
0000000000006f44 T svcBreak
0000000000006f4c T svcGetInfo
0000000000006f60 T svcUnmapTransferMemory
0000000000006f70 00000000000000ac T __nx_dynamic
0000000000007020 00000000000000dc W __libnx_initheap
0000000000007100 0000000000000074 W __appInit
0000000000007180 0000000000000024 W __appExit
00000000000071b0 0000000000000028 W __libnx_init
00000000000071e0 0000000000000020 W __libnx_exit
0000000000007200 00000000000001ac T envSetup
00000000000073b0 0000000000000020 T envGetMainThreadHandle
00000000000073d0 000000000000000c T envIsNso
00000000000073e0 0000000000000014 T envHasHeapOverride
0000000000007400 000000000000000c T envGetHeapOverrideAddr
0000000000007410 000000000000000c T envGetHeapOverrideSize
0000000000007420 0000000000000014 T envHasArgv
0000000000007440 000000000000000c T envGetArgv
0000000000007450 000000000000000c T envGetExitFuncPtr
0000000000007460 0000000000000008 t mutexInit
0000000000007470 000000000000000c t rmutexInit
0000000000007480 0000000000000090 T __libnx_gtod
0000000000007510 0000000000000034 t __libnx_get_reent
0000000000007550 00000000000000ec T newlibSetup
0000000000007640 000000000000037c T argvSetup
00000000000079c0 0000000000000098 t _CacheValues.part.0
0000000000007a60 0000000000000034 T kernelAbove200
0000000000007aa0 0000000000000034 T kernelAbove300
0000000000007ae0 0000000000000030 T detectDebugger
0000000000007b10 0000000000000014 T shmemLoadRemote
0000000000007b30 000000000000009c T shmemMap
0000000000007bd0 0000000000000048 T shmemUnmap
0000000000007c20 0000000000000040 T shmemClose
0000000000007c60 000000000000003c T rwlockReadLock
0000000000007ca0 0000000000000050 T rwlockReadUnlock
0000000000007cf0 0000000000000008 T rwlockWriteLock
0000000000007d00 0000000000000008 T rwlockWriteUnlock
0000000000007d10 0000000000000094 T mutexLock
0000000000007db0 0000000000000024 T mutexUnlock
0000000000007de0 000000000000004c T rmutexLock
0000000000007e30 0000000000000020 T rmutexUnlock
0000000000007e50 0000000000000068 t _GetRegionFromInfo
0000000000007ec0 00000000000000d4 T virtmemSetup
0000000000007fa0 000000000000013c T virtmemReserve
00000000000080e0 0000000000000004 T virtmemFree
00000000000080f0 0000000000000010 t fsdev_link
0000000000008100 0000000000000010 t fsdev_dirreset
0000000000008110 0000000000000010 t fsdev_chmod
0000000000008120 0000000000000020 t error_cmp
0000000000008140 0000000000000060 t fsdev_translate_error
00000000000081a0 0000000000000040 t fsdev_fsync
00000000000081e0 0000000000000064 t fsdev_ftruncate
0000000000008250 0000000000000020 t fsdev_dirclose
0000000000008270 0000000000000184 t fsdev_dirnext
0000000000008400 000000000000001c t fsdev_close
0000000000008420 0000000000000080 t fsdev_fstat
00000000000084a0 00000000000000b8 t fsdev_seek
0000000000008560 0000000000000108 t fsdevFindDevice
0000000000008670 0000000000000128 t _fsdevMountDevice
00000000000087a0 00000000000000b0 t _fsdevUnmountDeviceStruct.part.1
0000000000008850 0000000000000208 t fsdev_getfspath
0000000000008a60 0000000000000070 t fsdev_rmdir
0000000000008ad0 00000000000000d8 t fsdev_statvfs
0000000000008bb0 00000000000000b8 t fsdev_diropen
0000000000008c70 00000000000000c4 t fsdev_chdir
0000000000008d40 0000000000000070 t fsdev_mkdir
0000000000008db0 000000000000013c t fsdev_rename
0000000000008ef0 0000000000000070 t fsdev_unlink
0000000000008f60 0000000000000174 t fsdev_stat
00000000000090e0 00000000000001ac t fsdev_open
0000000000009290 00000000000001b4 t fsdev_read
0000000000009450 00000000000001d0 t fsdev_write
0000000000009620 0000000000000010 t fsdev_fchmod
0000000000009630 00000000000001f0 T fsdevInit
0000000000009820 0000000000000070 T fsdevExit
0000000000009890 0000000000000034 t ipcCloseObjectById
00000000000098d0 00000000000000d4 t _nvSetClientPID
00000000000099b0 00000000000000c4 t ipcQueryPointerBufferSize.constprop.6
0000000000009a80 00000000000000ec t _nvInitialize.constprop.5
0000000000009b70 000000000000009c T nvExit
0000000000009c10 0000000000000198 T nvInitialize
0000000000009db0 0000000000000120 T nvConvertError
0000000000009ed0 0000000000000124 T nvOpen
000000000000a000 00000000000001c0 T nvIoctl
000000000000a1c0 00000000000000d8 T nvClose
000000000000a2a0 0000000000000140 T nvQueryEvent
000000000000a3e0 0000000000000034 t ipcCloseObjectById
000000000000a420 0000000000000138 t _timeGetSession
000000000000a560 0000000000000194 T timeExit
000000000000a700 00000000000000c0 T timeInitialize
000000000000a7c0 000000000000012c T timeGetCurrentTime
000000000000a8f0 0000000000000034 t ipcCloseObjectById
000000000000a930 0000000000000140 t _viGetSession.constprop.6
000000000000aa70 0000000000000130 t _viCreatestray_layer.isra.4
000000000000aba0 0000000000000138 t _viOpenLayer
000000000000ace0 0000000000000184 T viExit
000000000000ae70 000000000000029c T viInitialize
000000000000b110 000000000000000c T viGetSession_IHOSBinderDriverRelay
000000000000b120 0000000000000140 T viOpenDisplay
000000000000b260 00000000000000f4 T viCloseDisplay
000000000000b360 00000000000000e0 T viOpenLayer
000000000000b440 0000000000000104 T viCloseLayer
000000000000b550 00000000000000e4 T viSetLayerScalingMode
000000000000b640 0000000000000130 T viGetDisplayVsyncEvent
000000000000b770 0000000000000034 t ipcCloseObjectById
000000000000b7b0 0000000000000108 T fsInitialize
000000000000b8c0 000000000000006c T fsExit
000000000000b930 0000000000000128 T fsMountSdcard
000000000000ba60 00000000000000f8 T fsFsCreateFile
000000000000bb60 00000000000000f0 T fsFsDeleteFile
000000000000bc50 00000000000000f0 T fsFsCreateDirectory
000000000000bd40 00000000000000f0 T fsFsDeleteDirectory
000000000000be30 0000000000000110 T fsFsRenameFile
000000000000bf40 0000000000000110 T fsFsRenameDirectory
000000000000c050 0000000000000108 T fsFsGetEntryType
000000000000c160 0000000000000158 T fsFsOpenFile
000000000000c2c0 0000000000000148 T fsFsOpenDirectory
000000000000c410 0000000000000108 T fsFsGetFreeSpace
000000000000c520 0000000000000108 T fsFsGetTotalSpace
000000000000c630 0000000000000014 T fsFsClose
000000000000c650 0000000000000104 T fsFileRead
000000000000c760 00000000000000f4 T fsFileWrite
000000000000c860 00000000000000c4 T fsFileFlush
000000000000c930 00000000000000c4 T fsFileSetSize
000000000000ca00 00000000000000ec T fsFileGetSize
000000000000caf0 0000000000000014 T fsFileClose
000000000000cb10 0000000000000014 T fsDirClose
000000000000cb30 0000000000000110 T fsDirRead
000000000000cc40 0000000000000010 T bufferProducerInitialize
000000000000cc50 000000000000000c T bufferProducerExit
000000000000cc60 0000000000000134 T bufferProducerRequestBuffer
000000000000cda0 00000000000001a0 T bufferProducerDequeueBuffer
000000000000cf40 000000000000009c T bufferProducerDetachBuffer
000000000000cfe0 0000000000000120 T bufferProducerQueueBuffer
000000000000d100 00000000000000dc T bufferProducerQuery
000000000000d1e0 000000000000012c T bufferProducerConnect
000000000000d310 000000000000009c T bufferProducerDisconnect
000000000000d3b0 0000000000000110 T bufferProducerGraphicBufferInit
000000000000d4c0 00000000000001ac t _binderTransactParcelAuto
000000000000d670 000000000000013c t _binderTransactParcel
000000000000d7b0 0000000000000018 T binderCreateSession
000000000000d7d0 0000000000000014 T binderTransactParcel
000000000000d7f0 00000000000000e4 T binderAdjustRefcount
000000000000d8e0 0000000000000070 T binderExitSession
000000000000d950 0000000000000138 T binderGetNativeHandle
000000000000da90 00000000000001c8 T binderInitSession
000000000000dc60 0000000000000028 T parcelInitialize
000000000000dc90 00000000000001d0 T parcelTransact
000000000000de60 0000000000000088 T parcelWriteData
000000000000def0 000000000000008c T parcelReadData
000000000000df80 0000000000000024 T parcelWriteInt32
000000000000dfb0 0000000000000024 T parcelWriteUInt32
000000000000dfe0 0000000000000074 T parcelWriteString16
000000000000e060 0000000000000030 T parcelWriteInterfaceToken
000000000000e090 0000000000000024 T parcelReadInt32
000000000000e0c0 000000000000006c T parcelReadFlattenedObject
000000000000e130 000000000000004c T parcelWriteFlattenedObject
000000000000e180 0000000000000130 T decode_utf8
000000000000e2b0 T __aarch64_read_tp
000000000000e2c0 000000000000007c T tmemCreate
000000000000e340 0000000000000048 T tmemUnmap
000000000000e390 0000000000000064 T tmemClose
000000000000e3f8 00000000000000c8 T bsearch
000000000000e4c0 0000000000000014 T __errno
000000000000e4d8 000000000000018c T _fclose_r
000000000000e668 0000000000000024 T fclose
000000000000e690 0000000000000278 T __sflush_r
000000000000e908 00000000000000a4 T _fflush_r
000000000000e9b0 0000000000000040 T fflush
000000000000e9f0 0000000000000078 t std
000000000000ea68 000000000000000c T _cleanup_r
000000000000ea78 0000000000000060 T __sfmoreglue
000000000000ead8 000000000000000c T __sfp_lock_acquire
000000000000eae8 000000000000000c T __sfp_lock_release
000000000000eaf8 000000000000000c T __sinit_lock_acquire
000000000000eb08 000000000000000c T __sinit_lock_release
000000000000eb18 0000000000000080 T __sinit
000000000000eb98 0000000000000128 T __sfp
000000000000ecc0 0000000000000044 T __libc_fini_array
000000000000ed08 0000000000000158 T _fopen_r
000000000000ee60 000000000000002c T fopen
000000000000ee90 00000000000002f0 T _fread_r
000000000000f180 0000000000000044 T fread
000000000000f1c8 000000000000011c T _malloc_trim_r
000000000000f2e8 0000000000000314 T _free_r
000000000000f600 0000000000000004 T _fseek_r
000000000000f608 000000000000003c T fseek
000000000000f648 0000000000000504 T _fseeko_r
000000000000fb50 00000000000000bc T _fwalk
000000000000fc10 00000000000000cc T _fwalk_reent
000000000000fce0 0000000000000104 T _fwrite_r
000000000000fde8 0000000000000044 T fwrite
000000000000fe30 000000000000008c T __libc_init_array
000000000000fec0 0000000000000090 T iprintf
000000000000ff50 000000000000002c T __locale_mb_cur_max
000000000000ff80 0000000000000008 T __locale_ctype_ptr_l
000000000000ff88 000000000000002c T __locale_ctype_ptr
000000000000ffb8 00000000000000ac T __swhatbuf_r
0000000000010068 0000000000000110 T __smakebuf_r
0000000000010178 000000000000002c T memalign
00000000000101a8 00000000000001ac T _memalign_r
0000000000010358 0000000000000024 T malloc
0000000000010380 0000000000000024 T free
00000000000103a8 00000000000008b4 T _malloc_r
0000000000010c60 00000000000002d8 T __utf8_mbtowc
0000000000010f38 00000000000000d8 T memchr
0000000000011040 000000000000016c T memcpy
00000000000111c0 00000000000001d8 T memset
0000000000011398 000000000000000c T __malloc_lock
00000000000113a8 000000000000000c T __malloc_unlock
00000000000113b8 0000000000000074 T _perror_r
0000000000011430 0000000000000024 T perror
0000000000011458 0000000000000090 T printf
00000000000114e8 0000000000000028 T putchar
0000000000011510 00000000000000e4 T _putc_r
00000000000115f8 00000000000000d4 T _puts_r
00000000000116d0 0000000000000024 T puts
00000000000116f8 0000000000000024 t lflush
0000000000011720 00000000000001e8 T __srefill_r
0000000000011908 0000000000000270 T setvbuf
0000000000011b78 0000000000000158 T snprintf
0000000000011cd0 00000000000000c8 T sscanf
0000000000011d98 0000000000000050 T __sread
0000000000011de8 0000000000000008 T __seofread
0000000000011df0 0000000000000068 T __swrite
0000000000011e58 0000000000000054 T __sseek
0000000000011eb0 0000000000000008 T __sclose
0000000000011eb8 00000000000000dc T strchr
0000000000011fc0 00000000000000a4 T strcmp
0000000000012068 0000000000000418 T _strerror_r
0000000000012480 0000000000000140 T strlen
00000000000125c0 0000000000000088 T strncat
000000000001269c 0000000000000108 T strncmp
00000000000127a8 00000000000000b4 T strncpy
00000000000128a4 00000000000000e0 T strnlen
0000000000012960 00000000000001d8 t _strtol_l.isra.0
0000000000012b38 0000000000000058 T _strtol_r
0000000000012b90 0000000000000778 t get_arg
0000000000013308 0000000000003afc T _svfprintf_r
0000000000016e04 000000000000005c t get_arg
0000000000016e60 0000000000002f30 T __ssvfscanf_r
0000000000019d90 0000000000000008 T _user_strerror
0000000000019d98 0000000000000778 t get_arg
000000000001a510 000000000000003c T __sprint_r
000000000001a54c 0000000000002944 T _vfiprintf_r
000000000001ce90 00000000000000f4 t __sbprintf
000000000001cf84 0000000000000778 t get_arg
000000000001d6fc 0000000000003bc0 T _vfprintf_r
00000000000212bc 00000000000000f4 t __sbprintf
00000000000213b0 000000000000012c T __swbuf_r
00000000000214e0 00000000000000dc T _wcrtomb_r
00000000000215c0 0000000000000010 T _wcsrtombs_r
00000000000215d0 00000000000000e8 T __utf8_wctomb
00000000000216b8 000000000000013c T __swsetup_r
00000000000217f8 00000000000001b0 t quorem
00000000000219a8 00000000000011c4 T _dtoa_r
0000000000022b70 00000000000000b0 T __sflags
0000000000022c20 00000000000000ac T fputc
0000000000022cd0 00000000000000bc T _fputs_r
0000000000022d90 000000000000002c T fputs
0000000000022dc0 00000000000004f4 T __sfvwrite_r
00000000000232b8 0000000000000080 T iswspace
0000000000023338 000000000000024c t __jp2uc
0000000000023588 00000000000000d0 T _jp2uc
0000000000023658 0000000000000008 T __localeconv_l
0000000000023660 0000000000000028 T _localeconv_r
0000000000023688 00000000000000f4 T _mbrtowc_r
0000000000023780 00000000000000ac T memmove
0000000000023830 00000000000000a4 T _Balloc
00000000000238d8 000000000000001c T _Bfree
00000000000238f8 00000000000000e0 T __multadd
00000000000239d8 0000000000000120 T __s2b
0000000000023af8 000000000000005c T __hi0bits
0000000000023b58 00000000000000a8 T __lo0bits
0000000000023c00 000000000000002c T __i2b
0000000000023c30 00000000000001d8 T __multiply
0000000000023e08 0000000000000108 T __pow5mult
0000000000023f10 0000000000000144 T __lshift
0000000000024058 0000000000000054 T __mcmp
00000000000240b0 0000000000000164 T __mdiff
0000000000024218 0000000000000074 T __ulp
0000000000024290 0000000000000154 T __b2d
00000000000243e8 000000000000012c T __d2b
0000000000024518 00000000000000a0 T __ratio
00000000000245b8 0000000000000068 T __copybits
0000000000024620 0000000000000088 T __any_on
00000000000246a8 000000000000002c T realloc
00000000000246d8 000000000000055c T _realloc_r
0000000000024c38 00000000000000b4 T __sccl
0000000000024cf0 000000000000000c T nanf
0000000000024d00 0000000000000094 T frexp
0000000000024d98 00000000000000b0 T sprintf
0000000000024e48 00000000000000c8 T stpncpy
0000000000024f10 0000000000001110 T _strtod_l
0000000000026020 0000000000000050 T _strtod_r
0000000000026070 00000000000001d8 t _strtoll_l.isra.0
0000000000026248 0000000000000058 T _strtoll_r
00000000000262a0 00000000000001e0 t _strtoull_l.isra.0
0000000000026480 0000000000000058 T _strtoull_r
00000000000264d8 00000000000001e0 t _strtoul_l.isra.0
00000000000266b8 0000000000000058 T _strtoul_r
0000000000026710 00000000000001c0 T __ssprint_r
00000000000268d0 00000000000000f4 T _sungetc_r
00000000000269c4 0000000000000070 T __ssrefill_r
0000000000026a34 00000000000000cc T _sfread_r
0000000000026b00 00000000000000d8 T __submore
0000000000026bd8 00000000000001d4 T _wcsnrtombs_l
0000000000026db0 0000000000000074 T _wcsnrtombs_r
0000000000026e28 0000000000000090 T _calloc_r
0000000000026eb8 00000000000000f0 t rshift
0000000000026fa8 00000000000007c0 T __gethex
0000000000027768 0000000000000048 T __match
00000000000277b0 0000000000000228 T __hexnan
00000000000279d8 0000000000000008 t null_write
00000000000279e0 0000000000000018 T setDefaultDevice
00000000000279f8 0000000000000114 T FindDevice
0000000000027b10 0000000000000034 T RemoveDevice
0000000000027b48 00000000000000d8 T AddDevice
0000000000027c20 00000000000000b8 T _close_r
0000000000027cd8 0000000000000080 T _fstat_r
0000000000027d58 0000000000000008 T _isatty_r
0000000000027d60 0000000000000094 T _lseek_r
0000000000027df8 00000000000000fc T _open_r
0000000000027ef8 0000000000000098 T _read_r
0000000000027f90 000000000000007c T _sbrk_r
0000000000028010 0000000000000098 T _write_r
00000000000280a8 000000000000024c T _concatenate_path
00000000000282f8 0000000000000198 T chdir
0000000000028490 000000000000001c T __libc_lock_acquire
00000000000284b0 000000000000001c T __libc_lock_release
00000000000284d0 000000000000001c T __libc_lock_init_recursive
00000000000284f0 000000000000001c T __libc_lock_acquire_recursive
0000000000028510 000000000000001c T __libc_lock_release_recursive
0000000000028530 000000000000001c T __libc_lock_close_recursive
0000000000028550 000000000000003c T __free_handle
0000000000028590 000000000000005c T __release_handle
00000000000285f0 00000000000000d8 T __alloc_handle
00000000000286c8 0000000000000020 T __get_handle
00000000000286e8 0000000000000028 T __getreent
0000000000028710 0000000000000120 t __extenddftf2
0000000000028830 000000000000035c t __trunctfdf2
0000000000028b90 0000000000000070 t __sfp_handle_exceptions
0000000000028c00 0000000000000100 T strrchr
0000000000028d00 T _fini
00000000000292a0 0000000000000060 r colorTable
000000000002942c R default_font_bin
000000000002b42c R default_font_bin_end
000000000002b42c R default_font_bin_size
000000000002b438 0000000000000018 r error_table
000000000002bf60 0000000000000010 r blanks.6232
000000000002bf70 0000000000000010 r zeroes.6233
000000000002c040 0000000000000022 r basefix.6273
000000000002c1b0 0000000000000010 r blanks.6215
000000000002c1c0 0000000000000010 r zeroes.6216
000000000002c320 0000000000000010 r blanks.6247
000000000002c330 0000000000000010 r zeroes.6248
000000000002c340 0000000000000101 R _ctype_
000000000002c498 00000000000000bc r a1
000000000002c558 00000000000000bc r a2
000000000002c618 000000000000005b r a3
000000000002c678 0000000000000070 r a6
000000000002c6e8 00000000000000a2 r a7
000000000002c790 0000000000000040 r a8
000000000002c7d0 000000000000172a r b02cf
000000000002df00 0000000000001a7c r d02f4
000000000002f980 0000000000000028 R __mprec_bigtens
000000000002f9a8 00000000000000c8 R __mprec_tens
000000000002fa70 000000000000000c r p05.5022
000000000002fac0 0000000000000014 r fpi.5102
000000000002fad8 0000000000000014 r fpinan.5138
000000000002faf0 0000000000000028 r tinytens
000000000002fb18 000000000000006c R __action_table
000000000002fb88 0000000000000100 R __chclass
000000000002fc88 000000000000006c R __state_table
000000000002fcf8 0000000000000100 R __hexdig
000000000002fe00 0000000000000003 R DIRECTORY_PARENT
000000000002fe10 r __EH_FRAME_BEGIN__
000000000002ffcc r __FRAME_END__
000000000002ffd0 a _DYNAMIC
0000000000033000 t __frame_dummy_init_array_entry
0000000000033000 T __init_array_start
0000000000033000 B __preinit_array_end
0000000000033000 B __preinit_array_start
0000000000033000 D __tdata_lma
0000000000033000 D __tdata_lma_end
0000000000033008 t __do_global_dtors_aux_fini_array_entry
0000000000033008 T __fini_array_start
0000000000033008 T __init_array_end
0000000000033010 T __fini_array_end
0000000000033010 T __got_start__
0000000000033010 a _GLOBAL_OFFSET_TABLE_
00000000000332a0 D __got_end__
00000000000332a0 0000000000000004 D rupID
00000000000332a4 0000000000000004 D arrowsID
00000000000332a8 000000000000004e D arrowName
00000000000332f6 0000000000000001 d firstConsoleInit.5379
00000000000332f8 0000000000000008 D currentConsole
0000000000033300 0000000000000068 D defaultConsole
0000000000033368 00000000000000d0 d dotab_stdout
0000000000033438 0000000000000001 V __nx_applet_auto_notifyrunning
000000000003343c 0000000000000004 V __nx_applet_type
0000000000033440 0000000000000004 d g_gfxMode
0000000000033448 0000000000000054 d g_gfxQueueBufferData
00000000000334a0 000000000000016c d g_gfx_BufferInitData
000000000003360c 0000000000000001 D g_gfx_drawflip
0000000000033610 0000000000000004 V __nx_time_type
0000000000033618 0000000000000401 d __cwd
0000000000033a1c 0000000000000004 d fsdev_fsdevice_cwd
0000000000033a20 0000000000000004 d fsdev_fsdevice_default
0000000000033a28 00000000000000d0 d fsdev_devoptab
0000000000033af8 0000000000000004 d g_nvServiceType
0000000000033afc 0000000000000004 d g_viServiceType
0000000000033b00 0000000000000023 d g_bufferProducer_InterfaceDescriptor
0000000000033b28 0000000000000008 D _impure_ptr
0000000000033b30 0000000000000768 d impure_data
0000000000034298 0000000000000008 D _global_impure_ptr
00000000000342a0 00000000000001a8 D __global_locale
0000000000034448 0000000000000008 D __malloc_sbrk_base
0000000000034450 0000000000000008 D __malloc_trim_threshold
0000000000034458 0000000000000810 D __malloc_av_
0000000000034c68 0000000000000004 d defaultDevice
0000000000034c70 0000000000000080 D devoptab_list
0000000000034cf0 00000000000000d0 D dotab_stdnull
0000000000034dc0 0000000000000400 d _current_working_directory
00000000000351c0 0000000000000010 d __stderr_handle
00000000000351d0 0000000000000010 d __stdin_handle
00000000000351e0 0000000000000010 d __stdout_handle
00000000000351f0 0000000000002000 d handles
00000000000371f0 D __bss_start__
00000000000371f0 D __TMC_END__
00000000000371f0 b completed.5082
00000000000371f8 b object.5087
0000000000037228 0000000000000004 B currentItem
000000000003722c 0000000000000004 B slot
0000000000037230 0000000000000018 B newValues
0000000000037248 0000000000000004 B selector
0000000000037250 0000000000000048 B arrowValues
0000000000037298 0000000000000030 B arrowCount
00000000000372c8 0000000000000004 B isSlotSelected
00000000000372d0 0000000000000008 V __nx_applet_PerformanceConfiguration
00000000000372d8 0000000000000018 b g_appletFirstHook
00000000000372f0 0000000000000001 b g_appletFocusState
00000000000372f8 000000000000000c b g_appletIAudioController
0000000000037308 000000000000000c b g_appletICommonStateGetter
0000000000037318 000000000000000c b g_appletIDebugFunctions
0000000000037328 000000000000000c b g_appletIDisplayController
0000000000037338 000000000000000c b g_appletIFunctions
0000000000037348 000000000000000c b g_appletILibraryAppletCreator
0000000000037358 000000000000000c b g_appletILibraryAppletSelfAccessor
0000000000037368 000000000000000c b g_appletIProcessWindingController
0000000000037378 000000000000000c b g_appletISelfController
0000000000037388 000000000000000c b g_appletIWindowController
0000000000037394 0000000000000004 b g_appletMessageEventHandle
0000000000037398 0000000000000001 b g_appletNotifiedRunning
0000000000037399 0000000000000001 b g_appletOperationMode
000000000003739c 0000000000000004 b g_appletPerformanceMode
00000000000373a0 000000000000000c b g_appletProxySession
00000000000373b0 0000000000000008 b g_appletResourceUserId
00000000000373b8 000000000000000c b g_appletSrv
00000000000373c8 0000000000000050 b g_controllerDown
0000000000037418 00000000000001e0 b g_controllerEntries
00000000000375f8 0000000000000050 b g_controllerHeld
0000000000037648 0000000000000028 b g_controllerLayout
0000000000037670 0000000000000050 b g_controllerOld
00000000000376c0 0000000000000004 b g_controllerP1AutoID
00000000000376c8 0000000000000050 b g_controllerTimestamps
0000000000037718 0000000000000050 b g_controllerUp
0000000000037768 000000000000000c b g_hidIAppletResource
0000000000037778 0000000000000020 b g_hidLock
0000000000037798 0000000000000020 b g_hidSharedmem
00000000000377b8 000000000000000c b g_hidSrv
00000000000377c8 0000000000000020 b g_keyboardDown
00000000000377e8 0000000000000038 b g_keyboardEntry
0000000000037820 0000000000000020 b g_keyboardHeld
0000000000037840 0000000000000008 b g_keyboardModDown
0000000000037848 0000000000000008 b g_keyboardModHeld
0000000000037850 0000000000000008 b g_keyboardModOld
0000000000037858 0000000000000008 b g_keyboardModUp
0000000000037860 0000000000000020 b g_keyboardOld
0000000000037880 0000000000000008 b g_keyboardTimestamp
0000000000037888 0000000000000020 b g_keyboardUp
00000000000378a8 0000000000000008 b g_mouseDown
00000000000378b0 0000000000000030 b g_mouseEntry
00000000000378e0 0000000000000008 b g_mouseHeld
00000000000378e8 0000000000000008 b g_mouseOld
00000000000378f0 0000000000000008 b g_mouseTimestamp
00000000000378f8 0000000000000008 b g_mouseUp
0000000000037900 0000000000000298 b g_touchEntry
0000000000037b98 0000000000000008 b g_touchTimestamp
0000000000037ba0 0000000000000004 b g_smHandle
0000000000037ba8 0000000000000200 b g_smOverrides
0000000000037da8 0000000000000008 b g_smOverridesNum
0000000000037db0 000000000000000c b g_apmISession
0000000000037dc0 000000000000000c b g_apmSrv
0000000000037dd0 0000000000000020 b g_gfxBinderSession
0000000000037df0 0000000000000004 b g_gfxCurrentBuffer
0000000000037df4 0000000000000004 b g_gfxCurrentProducerBuffer
0000000000037df8 0000000000000050 b g_gfxDisplay
0000000000037e48 0000000000000004 b g_gfxDisplayVsyncEvent
0000000000037e50 0000000000000008 b g_gfxFramebuf
0000000000037e58 0000000000000008 b g_gfxFramebufLinear
0000000000037e60 0000000000000008 b g_gfxFramebufSize
0000000000037e68 0000000000000001 b g_gfxInitialized
0000000000037e70 0000000000000010 b g_gfxLayer
0000000000037e80 0000000000000100 b g_gfxNativeWindow
0000000000037f80 0000000000000004 b g_gfxNativeWindow_ID
0000000000037f88 0000000000000008 b g_gfxNativeWindow_Size
0000000000037f90 0000000000000004 b g_gfxPixelFormat
0000000000037f98 0000000000000010 b g_gfx_Connect_QueueBufferOutput
0000000000037fa8 0000000000000024 b g_gfx_DequeueBuffer_fence
0000000000037fcc 0000000000000001 b g_gfx_ProducerConnected
0000000000037fd0 0000000000000002 b g_gfx_ProducerSlotsRequested
0000000000037fd8 0000000000000010 b g_gfx_QueueBuffer_QueueBufferOutput
0000000000037fe8 0000000000000018 b g_gfx_autoresolution_applethookcookie
0000000000038000 0000000000000004 b g_gfx_autoresolution_docked_height
0000000000038004 0000000000000004 b g_gfx_autoresolution_docked_width
0000000000038008 0000000000000001 b g_gfx_autoresolution_enabled
000000000003800c 0000000000000004 b g_gfx_autoresolution_handheld_height
0000000000038010 0000000000000004 b g_gfx_autoresolution_handheld_width
0000000000038018 0000000000000008 B g_gfx_framebuf_aligned_height
0000000000038020 0000000000000008 B g_gfx_framebuf_aligned_width
0000000000038028 0000000000000008 B g_gfx_framebuf_display_height
0000000000038030 0000000000000008 B g_gfx_framebuf_display_width
0000000000038038 0000000000000008 B g_gfx_framebuf_height
0000000000038040 0000000000000008 B g_gfx_framebuf_width
0000000000038048 0000000000000008 B g_gfx_singleframebuf_linear_size
0000000000038050 0000000000000008 B g_gfx_singleframebuf_size
0000000000038058 0000000000000001 b g_nvgfxInitialized
000000000003805c 0000000000000004 b g_nvgfx_fd_nvhostasgpu
0000000000038060 0000000000000004 b g_nvgfx_fd_nvhostctrl
0000000000038064 0000000000000004 b g_nvgfx_fd_nvhostctrlgpu
0000000000038068 0000000000000004 b g_nvgfx_fd_nvhostgpu
000000000003806c 0000000000000004 b g_nvgfx_fd_nvmap
0000000000038070 0000000000000008 b g_nvgfx_gpfifo_pos
0000000000038078 00000000000000a0 b g_nvgfx_gpu_characteristics
0000000000038118 0000000000000008 b g_nvgfx_l2state
0000000000038120 0000000000000008 b g_nvgfx_nvhost_fence
0000000000038128 0000000000000008 b g_nvgfx_nvhost_userdata
0000000000038130 0000000000000008 b g_nvgfx_nvhost_userdata_size
0000000000038138 0000000000000008 b g_nvgfx_nvhostasgpu_allocspace_offset
0000000000038140 0000000000000030 b g_nvgfx_nvhostasgpu_varegions
0000000000038170 0000000000000004 b g_nvgfx_nvhostctrl_eventhandle
0000000000038174 0000000000000004 b g_nvgfx_nvhostctrl_eventres
0000000000038178 0000000000000004 b g_nvgfx_nvhostctrlgpu_event2
000000000003817c 0000000000000004 b g_nvgfx_nvhostgpu_event3
0000000000038180 0000000000000004 B g_nvgfx_totalframebufs
0000000000038188 0000000000000018 b g_nvgfx_tpcmasks
00000000000381a0 0000000000000004 b g_nvgfx_zcullctxsize
00000000000381a8 0000000000000028 b g_nvgfx_zcullinfo
00000000000381d0 0000000000000008 b nvmap_obj3_mapbuffer_x0_offset
00000000000381d8 0000000000000008 b nvmap_obj4_mapbuffer_x0_offset
00000000000381e0 0000000000000008 b nvmap_obj6_mapbuffer_xdb_offset
00000000000381e8 00000000000001b0 b nvmap_objs
0000000000038398 0000000000000008 V __nx_heap_size
00000000000383a0 0000000000000001 b g_isNso
00000000000383a8 0000000000000008 b g_loaderRetAddr
00000000000383b0 0000000000000004 b g_mainThreadHandle
00000000000383b8 0000000000000008 b g_nextLoadArgv
00000000000383c0 0000000000000008 b g_nextLoadPath
00000000000383c8 0000000000000008 b g_overrideArgv
00000000000383d0 0000000000000008 b g_overrideHeapAddr
00000000000383d8 0000000000000008 b g_overrideHeapSize
00000000000383e0 0000000000000004 b g_processHandle
00000000000383e8 0000000000000010 b g_syscallHints
00000000000383f8 0000000000000008 b g_argv_empty
0000000000038400 0000000000000001 b g_HasCached
0000000000038401 0000000000000001 b g_IsAbove200
0000000000038402 0000000000000001 b g_IsAbove300
0000000000038403 0000000000000001 b g_IsAbove400
0000000000038408 0000000000000010 b g_AddressSpace
0000000000038418 0000000000000008 b g_CurrentAddr
0000000000038420 0000000000000030 b g_Region
0000000000038450 0000000000000004 b g_VirtMemMutex
0000000000038454 0000000000000001 b fsdevInitialised
0000000000038458 0000000000002000 b fsdev_fsdevices
000000000003a458 0000000000000008 b g_nvIpcBufferSize
000000000003a460 000000000000000c b g_nvSrv
000000000003a470 0000000000000028 b g_nvTransfermem
000000000003a498 000000000000000c b g_timeLocalSystemClock
000000000003a4a8 000000000000000c b g_timeNetworkSystemClock
000000000003a4b8 000000000000000c b g_timeSrv
000000000003a4c8 000000000000000c b g_timeTimeZoneService
000000000003a4d8 000000000000000c b g_timeUserSystemClock
000000000003a4e8 000000000000000c b g_viIApplicationDisplayService
000000000003a4f8 000000000000000c b g_viIHOSBinderDriverIndirect
000000000003a508 000000000000000c b g_viIHOSBinderDriverRelay
000000000003a518 000000000000000c b g_viIManagerDisplayService
000000000003a528 000000000000000c b g_viISystemDisplayService
000000000003a538 000000000000000c b g_viSrv
000000000003a548 000000000000000c b g_fsSrv
000000000003a558 0000000000000008 b g_bufferProducerBinderSession
000000000003a560 000000000000000c b __sfp_recursive_mutex
000000000003a570 000000000000000c b __sinit_recursive_mutex
000000000003a580 0000000000000028 B __malloc_current_mallinfo
000000000003a5a8 0000000000000008 B __malloc_max_sbrked_mem
000000000003a5b0 0000000000000008 B __malloc_max_total_mem
000000000003a5b8 0000000000000008 B __malloc_top_pad
000000000003a5c0 000000000000000c b __malloc_recursive_mutex
000000000003a5d0 0000000000000008 b heap_start.4990
000000000003a5d8 0000000000000008 B fake_heap_end
000000000003a5e0 0000000000000008 B fake_heap_start
000000000003a5e8 0000000000000400 b temp_cwd
000000000003a9e8 0000000000000088 B __syscalls
000000000003aa70 0000000000000004 b __hndl_lock
000000000003aa78 0000000000000008 B newArrows
000000000003aa80 0000000000000008 B fp
000000000003aa88 0000000000000008 B new_rupees
000000000003aa90 0000000000000008 B rupees
000000000003aa98 0000000000000068 B currentCopy
000000000003ab00 0000000000000008 B g_nvgfx_nvhostgpu_gpfifo_fence
000000000003ab08 0000000000000008 B __stack_top
000000000003ab10 0000000000000008 B __system_argv
000000000003ab18 0000000000000004 B __system_argc
000000000003ab20 B __tls_start
000000000003ef28 B __bss_end__
000000000003ef28 A __end__
000000000003ef28 B __tls_end
000000000003f000 A __argdata__
